Removed Pin From Net: NetName=OSCIN Pin=C4-1
Removed Pin From Net: NetName=OSCOUT Pin=C5-1
Removed Pin From Net: NetName=GND Pin=X1-2
Removed Pin From Net: NetName=GND Pin=X1-4
Removed Member From Class: ClassName=Sheet2 Member=C4
Removed Member From Class: ClassName=Sheet2 Member=C5
Change Component Footprint: Designator=X1 Old Footprint=XT4-16.000MHz-4_V New Footprint=XT2-SMD
Change Component Comment : Designator=X1 Old Comment=XT4 New Comment=8Mhz
Added Component: Designator=C8(CAP_1206)
Add component (AddParameter): Name = "Dielectric"; Value = ""; VariantName = "[No Variations]"
Add component (AddParameter): Name = "Distributor Link"; Value = ""; VariantName = "[No Variations]"
Add component (AddParameter): Name = "LCSC"; Value = ""; VariantName = "[No Variations]"
Add component (AddParameter): Name = "Manufacturer"; Value = ""; VariantName = "[No Variations]"
Add component (AddParameter): Name = "Manufacturer Part Number"; Value = ""; VariantName = "[No Variations]"
Add component (AddParameter): Name = "Rating"; Value = ""; VariantName = "[No Variations]"
Added Component: Designator=C9(CAP_1206)
Add component (AddParameter): Name = "Dielectric"; Value = ""; VariantName = "[No Variations]"
Add component (AddParameter): Name = "Distributor Link"; Value = ""; VariantName = "[No Variations]"
Add component (AddParameter): Name = "LCSC"; Value = ""; VariantName = "[No Variations]"
Add component (AddParameter): Name = "Manufacturer"; Value = ""; VariantName = "[No Variations]"
Add component (AddParameter): Name = "Manufacturer Part Number"; Value = ""; VariantName = "[No Variations]"
Add component (AddParameter): Name = "Rating"; Value = ""; VariantName = "[No Variations]"
Added Pin To Net: NetName=GND Pin=C8-1
Added Pin To Net: NetName=OSCIN Pin=C8-2
Added Pin To Net: NetName=GND Pin=C9-1
Added Pin To Net: NetName=OSCOUT Pin=C9-2
Added Pin To Net: NetName=OSCIN Pin=X1-1
Added Pin To Net: NetName=OSCOUT Pin=X1-2
Added Member To Class: ClassName=Sheet2 Member=Component C8 20p
Added Member To Class: ClassName=Sheet2 Member=Component C9 20p
